<?xml version="1.0" encoding="UTF-8"?>
<testsuite xmlns:xsi="http://www.w3.org/2001/XMLSchema-instance" xsi:noNamespaceSchemaLocation="https://maven.apache.org/surefire/maven-surefire-plugin/xsd/surefire-test-report.xsd" version="3.0.2" name="com.monas.backend.auth.core.application.AuthUseCaseTests" time="0.05" tests="4" errors="0" skipped="0" failures="0">
  <properties>
[...]
</properties>
  <testcase name="registerCreatesUser" classname="com.monas.backend.auth.core.application.AuthUseCaseTests" time="0.024"/>
  <testcase name="loginFailsForWrongPassword" classname="com.monas.backend.auth.core.application.AuthUseCaseTests" time="0.002"/>
  <testcase name="registerFailsForDuplicateUser" classname="com.monas.backend.auth.core.application.AuthUseCaseTests" time="0.001"/>
  <testcase name="loginSucceedsForSeedUser" classname="com.monas.backend.auth.core.application.AuthUseCaseTests" time="0.001"/>
</testsuite>